{"/Users/raylenesmith/Desktop/Projects/server-tech-test/lib/data.js":{"path":"/Users/raylenesmith/Desktop/Projects/server-tech-test/lib/data.js","s":{"1":1,"2":4,"3":2,"4":2,"5":2,"6":2,"7":2,"8":1,"9":1,"10":1},"b":{},"f":{"1":1,"2":4,"3":2,"4":2,"5":1},"fnMap":{"1":{"name":"(anonymous_1)","line":2,"loc":{"start":{"line":2,"column":13},"end":{"line":2,"column":16}}},"2":{"name":"(anonymous_2)","line":6,"loc":{"start":{"line":6,"column":7},"end":{"line":6,"column":20}}},"3":{"name":"(anonymous_3)","line":10,"loc":{"start":{"line":10,"column":6},"end":{"line":10,"column":12}}},"4":{"name":"(anonymous_4)","line":14,"loc":{"start":{"line":14,"column":5},"end":{"line":14,"column":14}}},"5":{"name":"(anonymous_5)","line":22,"loc":{"start":{"line":22,"column":5},"end":{"line":22,"column":14}}}},"statementMap":{"1":{"start":{"line":3,"column":4},"end":{"line":3,"column":18}},"2":{"start":{"line":7,"column":4},"end":{"line":7,"column":26}},"3":{"start":{"line":11,"column":4},"end":{"line":11,"column":25}},"4":{"start":{"line":15,"column":4},"end":{"line":15,"column":36}},"5":{"start":{"line":16,"column":4},"end":{"line":16,"column":40}},"6":{"start":{"line":18,"column":4},"end":{"line":18,"column":26}},"7":{"start":{"line":19,"column":4},"end":{"line":19,"column":29}},"8":{"start":{"line":23,"column":4},"end":{"line":23,"column":38}},"9":{"start":{"line":24,"column":4},"end":{"line":24,"column":25}},"10":{"start":{"line":28,"column":0},"end":{"line":28,"column":31}}},"branchMap":{}}}